********************************************************************************
DUPLICATOR-LITE PACKAGE-LOG: 2017-06-19 14:56:34
NOTICE: Do NOT post to public sites or forums 
********************************************************************************
VERSION:	1.2.8
WORDPRESS:	4.8
PHP INFO:	5.6.25 | SAPI: apache2handler
SERVER:		Apache/2.4.23 (Win32) PHP/5.6.25 
PHP TIME LIMIT: (0) no time limit imposed 
PHP MAX MEMORY: 2048M (128M default) 
MEMORY STACK: 24MB 

********************************************************************************
DATABASE:
********************************************************************************
BUILD MODE:   PHP(query limit - 100)
MYSQLTIMEOUT: 5000
MYSQLDUMP:    Not Supported 
TABLES: total:13 | filtered:0 | create:13 
FILTERED: [] 
SQL CREATED: 20170619_inspaceinstitute_5c393c2442a554cd4476170619145618_database.sql 
SQL FILE SIZE: 890.09KB (911450) 
SQL FILE TIME: 2017-06-19 14:56:35 
SQL RUNTIME: 0.31 sec. 

******************************************************************************** 
ARCHIVE (ZIP): 
******************************************************************************** 
ARCHIVE DIR:  C:/wamp/www/InSpace 
ARCHIVE FILE: 20170619_inspaceinstitute_5c393c2442a554cd4476170619145618_archive.zip 
FILTERS: *OFF* 
DIRS: not set 
EXTS:  not set 
---------------------------------------- 
COMPRESSING 
SIZE:	89.21MB 
STATS:	Dirs 473 | Files 4,226 
SQL ADDED: 20170619_inspaceinstitute_5c393c2442a554cd4476170619145618_database.sql 
ZipArchive Object
(
    [status] => 0
    [statusSys] => 0
    [numFiles] => 4699
    [filename] => C:\wamp\www\InSpace\wp-snapshots\tmp\20170619_inspaceinstitute_5c393c2442a554cd4476170619145618_archive.zip
    [comment] => 
)
 
COMPRESSION RESULT: '1' 
COMPRESSED SIZE: 71.35MB 
ARCHIVE RUNTIME: 92.79 sec. 
MEMORY STACK: 25.25MB 

******************************************************************************** 
MAKE INSTALLER: 
******************************************************************************** 
Build Start 
Build Finished 
Preping for use 
Template parsed with new data 
Complete [C:/wamp/www/InSpace/wp-snapshots/tmp/20170619_inspaceinstitute_5c393c2442a554cd4476170619145618_installer.php] 
Added to archive 

******************************************************************************** 
INTEGRITY CHECKS: 
******************************************************************************** 
SQL File: 890.09KB 
Installer File: 428.45KB 
Archive File: 71.35MB  

********************************************************************************
RECORD ID:[1]
TOTAL PROCESS RUNTIME: 106.27 sec.
PEAK PHP MEMORY USED: 27.75MB
DONE PROCESSING => 20170619_inspaceinstitute 2017-06-19 14:58:21
 
